<?xml version="1.0" encoding="UTF-8"?>
<!-- Generated by org.testng.reporters.JUnitXMLReporter -->
<testsuite ignored="0" hostname="LAPTOP-097695SD" failures="0" tests="3" name="Command line test" time="0.063" errors="0" timestamp="2023-02-10T15:50:53 IST">
  <testcase classname="LoginTest.TestParent1" name="@BeforeMethod openChromeBrowser" time="-1.676024453887E9">
    <failure type="org.testng.TestNGException" message="
Parameter &amp;apos;browser&amp;apos; is required by BeforeMethod on method openChromeBrowser but has not been marked @Optional or defined
">
      <![CDATA[org.testng.TestNGException: 
Parameter 'browser' is required by BeforeMethod on method openChromeBrowser but has not been marked @Optional or defined

at java.base/java.util.ArrayList.forEach(ArrayList.java:1541)
... Removed 38 stack frames]]>
    </failure>
  </testcase> <!-- @BeforeMethod openChromeBrowser -->
  <testcase classname="LoginTest.TestParent1" name="@BeforeMethod openChromeBrowser" time="0.0">
    <skipped/>
  </testcase> <!-- @BeforeMethod openChromeBrowser -->
  <testcase classname="LoginTest.TestParent1" name="@BeforeMethod openChromeBrowser" time="0.0">
    <skipped/>
  </testcase> <!-- @BeforeMethod openChromeBrowser -->
  <testcase classname="LoginTest.Testchild1" name="logedin" time="0.0">
    <skipped/>
  </testcase> <!-- logedin -->
  <testcase classname="LoginTest.Testchild1" name="logindemo" time="0.0">
    <skipped/>
  </testcase> <!-- logindemo -->
  <testcase classname="LoginTest.Testchild1" name="newsignup" time="0.0">
    <skipped/>
  </testcase> <!-- newsignup -->
</testsuite> <!-- Command line test -->
